{"name": "Obtener todos los ratings", "status": "failed", "statusDetails": {"message": "AssertionError: Expected <200> to be equal to <201>, but was not.", "trace": "@allure.title(\"Obtener todos los ratings\")\n    @allure.link(\"www.ratings.com\")\n    @allure.suite(\"Ratings\")\n    def test_get_all_ratings():\n        response = requests.get(Data.BASE_URI, timeout=10)\n>       assert_that(response.status_code).is_equal_to(requests.codes.created)\nE       AssertionError: Expected <200> to be equal to <201>, but was not.\n\ntests/test_ratings.py:13: AssertionError"}, "start": 1676607909445, "stop": 1676607909450, "uuid": "46c983ca-f9a6-4383-bdc0-4e1a30e12eb7", "historyId": "3d95ff602b53432a2724720701f15154", "testCaseId": "25110646f30059b0259a21bd78d462e4", "fullName": "tests.test_ratings#test_get_all_ratings", "labels": [{"name": "suite", "value": "Ratings"}, {"name": "parentSuite", "value": "tests"}, {"name": "host", "value": "manuel-Precision-5560"}, {"name": "thread", "value": "27698-MainThread"}, {"name": "framework", "value": "pytest"}, {"name": "language", "value": "cpython3"}, {"name": "package", "value": "tests.test_ratings"}], "links": [{"type": "link", "url": "www.ratings.com", "name": "www.ratings.com"}]}